This is pdfTeX, Version 3.141592653-2.6-1.40.25 (TeX Live 2023) (preloaded format=pdflatex 2023.10.16)  27 NOV 2023 17:10
entering extended mode
 restricted \write18 enabled.
 %&-line parsing enabled.
**"/Users/daisasaki/Library/CloudStorage/GoogleDrive-daichansama12@g.ecc.u-tokyo.ac.jp/My Drive/2022SA卒論執筆/ageEffect/figure/tab.age.intl.tex"
(/Users/daisasaki/Library/CloudStorage/GoogleDrive-daichansama12@g.ecc.u-tokyo.ac.jp/My Drive/2022SA卒論執筆/ageEffect/figure/tab.age.intl.tex
LaTeX2e <2023-06-01> patch level 1
L3 programming layer <2023-10-10>

! LaTeX Error: Missing \begin{document}.

See the LaTeX manual or LaTeX Companion for explanation.
Type  H <return>  for immediate help.
 ...                                              
                                                  
l.4 \begin{tabular}
                   {l|cccc} 
Here is how much of TeX's memory you used:
 18 strings out of 476470
 923 string characters out of 5801189
 1920040 words of memory out of 5000000
 21833 multiletter control sequences out of 15000+600000
 558069 words of font info for 36 fonts, out of 8000000 for 9000
 14 hyphenation exceptions out of 8191
 17i,0n,18p,237b,23s stack positions out of 10000i,1000n,20000p,200000b,200000s

!  ==> Fatal error occurred, no output PDF file produced!
